{"C:\\Users\\Admin\\Pictures\\Saved Pictures\\FLASK\\Resytech\\Incubyte\\src\\exceptions\\OutOfStockError.js": {"path":"C:\\Users\\Admin\\Pictures\\Saved Pictures\\FLASK\\Resytech\\Incubyte\\src\\exceptions\\OutOfStockError.js","statementMap":{"0":{"start":{"line":3,"column":4},"end":{"line":3,"column":19}},"1":{"start":{"line":4,"column":4},"end":{"line":4,"column":34}},"2":{"start":{"line":8,"column":0},"end":{"line":8,"column":33}}},"fnMap":{"0":{"name":"(anonymous_0)","decl":{"start":{"line":2,"column":2},"end":{"line":2,"column":3}},"loc":{"start":{"line":2,"column":23},"end":{"line":5,"column":3}},"line":2}},"branchMap":{},"s":{"0":1,"1":1,"2":1},"f":{"0":1},"b":{},"_coverageSchema":"1a1c01bbd47fc00a2c39e90264f33305004495a9","hash":"021b5a63cb8c4905da31765621974c511878e932"}
,"C:\\Users\\Admin\\Pictures\\Saved Pictures\\FLASK\\Resytech\\Incubyte\\src\\models\\Inventory.js": {"path":"C:\\Users\\Admin\\Pictures\\Saved Pictures\\FLASK\\Resytech\\Incubyte\\src\\models\\Inventory.js","statementMap":{"0":{"start":{"line":1,"column":24},"end":{"line":1,"column":64}},"1":{"start":{"line":2,"column":14},"end":{"line":2,"column":32}},"2":{"start":{"line":8,"column":4},"end":{"line":8,"column":21}},"3":{"start":{"line":9,"column":4},"end":{"line":9,"column":20}},"4":{"start":{"line":14,"column":4},"end":{"line":14,"column":73}},"5":{"start":{"line":14,"column":35},"end":{"line":14,"column":73}},"6":{"start":{"line":16,"column":4},"end":{"line":16,"column":29}},"7":{"start":{"line":17,"column":4},"end":{"line":17,"column":28}},"8":{"start":{"line":18,"column":4},"end":{"line":18,"column":20}},"9":{"start":{"line":23,"column":4},"end":{"line":23,"column":63}},"10":{"start":{"line":23,"column":46},"end":{"line":23,"column":61}},"11":{"start":{"line":28,"column":4},"end":{"line":28,"column":46}},"12":{"start":{"line":28,"column":33},"end":{"line":28,"column":44}},"13":{"start":{"line":33,"column":4},"end":{"line":33,"column":28}},"14":{"start":{"line":38,"column":18},"end":{"line":38,"column":52}},"15":{"start":{"line":38,"column":40},"end":{"line":38,"column":51}},"16":{"start":{"line":39,"column":4},"end":{"line":39,"column":51}},"17":{"start":{"line":39,"column":16},"end":{"line":39,"column":51}},"18":{"start":{"line":40,"column":4},"end":{"line":40,"column":33}},"19":{"start":{"line":45,"column":4},"end":{"line":53,"column":7}},"20":{"start":{"line":47,"column":24},"end":{"line":47,"column":91}},"21":{"start":{"line":48,"column":28},"end":{"line":48,"column":73}},"22":{"start":{"line":49,"column":28},"end":{"line":49,"column":83}},"23":{"start":{"line":50,"column":28},"end":{"line":50,"column":83}},"24":{"start":{"line":52,"column":6},"end":{"line":52,"column":74}},"25":{"start":{"line":58,"column":19},"end":{"line":58,"column":35}},"26":{"start":{"line":59,"column":4},"end":{"line":65,"column":7}},"27":{"start":{"line":60,"column":23},"end":{"line":60,"column":24}},"28":{"start":{"line":61,"column":6},"end":{"line":61,"column":40}},"29":{"start":{"line":61,"column":25},"end":{"line":61,"column":40}},"30":{"start":{"line":62,"column":6},"end":{"line":62,"column":41}},"31":{"start":{"line":62,"column":25},"end":{"line":62,"column":41}},"32":{"start":{"line":64,"column":6},"end":{"line":64,"column":57}},"33":{"start":{"line":66,"column":4},"end":{"line":66,"column":18}},"34":{"start":{"line":71,"column":18},"end":{"line":71,"column":39}},"35":{"start":{"line":72,"column":4},"end":{"line":72,"column":51}},"36":{"start":{"line":72,"column":16},"end":{"line":72,"column":51}},"37":{"start":{"line":73,"column":4},"end":{"line":75,"column":5}},"38":{"start":{"line":74,"column":6},"end":{"line":74,"column":100}},"39":{"start":{"line":76,"column":4},"end":{"line":76,"column":31}},"40":{"start":{"line":81,"column":18},"end":{"line":81,"column":39}},"41":{"start":{"line":82,"column":4},"end":{"line":82,"column":51}},"42":{"start":{"line":82,"column":16},"end":{"line":82,"column":51}},"43":{"start":{"line":83,"column":4},"end":{"line":83,"column":31}},"44":{"start":{"line":87,"column":0},"end":{"line":87,"column":27}}},"fnMap":{"0":{"name":"(anonymous_0)","decl":{"start":{"line":6,"column":2},"end":{"line":6,"column":3}},"loc":{"start":{"line":7,"column":2},"end":{"line":10,"column":3}},"line":7},"1":{"name":"(anonymous_1)","decl":{"start":{"line":12,"column":2},"end":{"line":12,"column":3}},"loc":{"start":{"line":13,"column":2},"end":{"line":19,"column":3}},"line":13},"2":{"name":"(anonymous_2)","decl":{"start":{"line":21,"column":2},"end":{"line":21,"column":3}},"loc":{"start":{"line":22,"column":2},"end":{"line":24,"column":3}},"line":22},"3":{"name":"(anonymous_3)","decl":{"start":{"line":23,"column":37},"end":{"line":23,"column":38}},"loc":{"start":{"line":23,"column":46},"end":{"line":23,"column":61}},"line":23},"4":{"name":"(anonymous_4)","decl":{"start":{"line":26,"column":2},"end":{"line":26,"column":3}},"loc":{"start":{"line":27,"column":2},"end":{"line":29,"column":3}},"line":27},"5":{"name":"(anonymous_5)","decl":{"start":{"line":28,"column":28},"end":{"line":28,"column":29}},"loc":{"start":{"line":28,"column":33},"end":{"line":28,"column":44}},"line":28},"6":{"name":"(anonymous_6)","decl":{"start":{"line":31,"column":2},"end":{"line":31,"column":3}},"loc":{"start":{"line":32,"column":2},"end":{"line":34,"column":3}},"line":32},"7":{"name":"(anonymous_7)","decl":{"start":{"line":36,"column":2},"end":{"line":36,"column":3}},"loc":{"start":{"line":37,"column":2},"end":{"line":41,"column":3}},"line":37},"8":{"name":"(anonymous_8)","decl":{"start":{"line":38,"column":35},"end":{"line":38,"column":36}},"loc":{"start":{"line":38,"column":40},"end":{"line":38,"column":51}},"line":38},"9":{"name":"(anonymous_9)","decl":{"start":{"line":43,"column":2},"end":{"line":43,"column":3}},"loc":{"start":{"line":44,"column":2},"end":{"line":54,"column":3}},"line":44},"10":{"name":"(anonymous_10)","decl":{"start":{"line":45,"column":30},"end":{"line":45,"column":31}},"loc":{"start":{"line":46,"column":4},"end":{"line":53,"column":5}},"line":46},"11":{"name":"(anonymous_11)","decl":{"start":{"line":56,"column":2},"end":{"line":56,"column":3}},"loc":{"start":{"line":57,"column":2},"end":{"line":67,"column":3}},"line":57},"12":{"name":"(anonymous_12)","decl":{"start":{"line":59,"column":16},"end":{"line":59,"column":17}},"loc":{"start":{"line":59,"column":26},"end":{"line":65,"column":5}},"line":59},"13":{"name":"(anonymous_13)","decl":{"start":{"line":69,"column":2},"end":{"line":69,"column":3}},"loc":{"start":{"line":70,"column":2},"end":{"line":77,"column":3}},"line":70},"14":{"name":"(anonymous_14)","decl":{"start":{"line":79,"column":2},"end":{"line":79,"column":3}},"loc":{"start":{"line":80,"column":2},"end":{"line":84,"column":3}},"line":80}},"branchMap":{"0":{"loc":{"start":{"line":14,"column":4},"end":{"line":14,"column":73}},"type":"if","locations":[{"start":{"line":14,"column":4},"end":{"line":14,"column":73}},{"start":{},"end":{}}],"line":14},"1":{"loc":{"start":{"line":39,"column":4},"end":{"line":39,"column":51}},"type":"if","locations":[{"start":{"line":39,"column":4},"end":{"line":39,"column":51}},{"start":{},"end":{}}],"line":39},"2":{"loc":{"start":{"line":47,"column":24},"end":{"line":47,"column":91}},"type":"cond-expr","locations":[{"start":{"line":47,"column":31},"end":{"line":47,"column":84}},{"start":{"line":47,"column":87},"end":{"line":47,"column":91}}],"line":47},"3":{"loc":{"start":{"line":48,"column":28},"end":{"line":48,"column":73}},"type":"cond-expr","locations":[{"start":{"line":48,"column":39},"end":{"line":48,"column":66}},{"start":{"line":48,"column":69},"end":{"line":48,"column":73}}],"line":48},"4":{"loc":{"start":{"line":49,"column":28},"end":{"line":49,"column":83}},"type":"cond-expr","locations":[{"start":{"line":49,"column":53},"end":{"line":49,"column":76}},{"start":{"line":49,"column":79},"end":{"line":49,"column":83}}],"line":49},"5":{"loc":{"start":{"line":50,"column":28},"end":{"line":50,"column":83}},"type":"cond-expr","locations":[{"start":{"line":50,"column":53},"end":{"line":50,"column":76}},{"start":{"line":50,"column":79},"end":{"line":50,"column":83}}],"line":50},"6":{"loc":{"start":{"line":52,"column":13},"end":{"line":52,"column":73}},"type":"binary-expr","locations":[{"start":{"line":52,"column":13},"end":{"line":52,"column":22}},{"start":{"line":52,"column":26},"end":{"line":52,"column":39}},{"start":{"line":52,"column":43},"end":{"line":52,"column":56}},{"start":{"line":52,"column":60},"end":{"line":52,"column":73}}],"line":52},"7":{"loc":{"start":{"line":56,"column":13},"end":{"line":56,"column":24}},"type":"default-arg","locations":[{"start":{"line":56,"column":18},"end":{"line":56,"column":24}}],"line":56},"8":{"loc":{"start":{"line":56,"column":26},"end":{"line":56,"column":39}},"type":"default-arg","locations":[{"start":{"line":56,"column":34},"end":{"line":56,"column":39}}],"line":56},"9":{"loc":{"start":{"line":61,"column":6},"end":{"line":61,"column":40}},"type":"if","locations":[{"start":{"line":61,"column":6},"end":{"line":61,"column":40}},{"start":{},"end":{}}],"line":61},"10":{"loc":{"start":{"line":62,"column":6},"end":{"line":62,"column":41}},"type":"if","locations":[{"start":{"line":62,"column":6},"end":{"line":62,"column":41}},{"start":{},"end":{}}],"line":62},"11":{"loc":{"start":{"line":64,"column":13},"end":{"line":64,"column":56}},"type":"cond-expr","locations":[{"start":{"line":64,"column":32},"end":{"line":64,"column":43}},{"start":{"line":64,"column":46},"end":{"line":64,"column":56}}],"line":64},"12":{"loc":{"start":{"line":72,"column":4},"end":{"line":72,"column":51}},"type":"if","locations":[{"start":{"line":72,"column":4},"end":{"line":72,"column":51}},{"start":{},"end":{}}],"line":72},"13":{"loc":{"start":{"line":73,"column":4},"end":{"line":75,"column":5}},"type":"if","locations":[{"start":{"line":73,"column":4},"end":{"line":75,"column":5}},{"start":{},"end":{}}],"line":73},"14":{"loc":{"start":{"line":82,"column":4},"end":{"line":82,"column":51}},"type":"if","locations":[{"start":{"line":82,"column":4},"end":{"line":82,"column":51}},{"start":{},"end":{}}],"line":82}},"s":{"0":1,"1":1,"2":11,"3":11,"4":18,"5":0,"6":18,"7":18,"8":18,"9":1,"10":1,"11":4,"12":4,"13":3,"14":1,"15":1,"16":1,"17":0,"18":1,"19":3,"20":7,"21":7,"22":7,"23":7,"24":7,"25":1,"26":1,"27":3,"28":3,"29":2,"30":3,"31":1,"32":3,"33":1,"34":2,"35":2,"36":0,"37":2,"38":1,"39":1,"40":1,"41":1,"42":0,"43":1,"44":1},"f":{"0":11,"1":18,"2":1,"3":1,"4":4,"5":4,"6":3,"7":1,"8":1,"9":3,"10":7,"11":1,"12":3,"13":2,"14":1},"b":{"0":[0,18],"1":[0,1],"2":[2,5],"3":[2,5],"4":[3,4],"5":[3,4],"6":[7,6,5,4],"7":[0],"8":[0],"9":[2,1],"10":[1,2],"11":[0,3],"12":[0,2],"13":[1,1],"14":[0,1]},"_coverageSchema":"1a1c01bbd47fc00a2c39e90264f33305004495a9","hash":"fba1c3faca2b441b66665fad67c3b30a5c6bb92e"}
,"C:\\Users\\Admin\\Pictures\\Saved Pictures\\FLASK\\Resytech\\Incubyte\\src\\models\\Sweet.js": {"path":"C:\\Users\\Admin\\Pictures\\Saved Pictures\\FLASK\\Resytech\\Incubyte\\src\\models\\Sweet.js","statementMap":{"0":{"start":{"line":5,"column":4},"end":{"line":5,"column":69}},"1":{"start":{"line":5,"column":22},"end":{"line":5,"column":69}},"2":{"start":{"line":6,"column":4},"end":{"line":6,"column":63}},"3":{"start":{"line":6,"column":19},"end":{"line":6,"column":63}},"4":{"start":{"line":8,"column":4},"end":{"line":8,"column":17}},"5":{"start":{"line":9,"column":4},"end":{"line":9,"column":21}},"6":{"start":{"line":10,"column":4},"end":{"line":10,"column":29}},"7":{"start":{"line":11,"column":4},"end":{"line":11,"column":23}},"8":{"start":{"line":12,"column":4},"end":{"line":12,"column":29}},"9":{"start":{"line":17,"column":4},"end":{"line":17,"column":31}},"10":{"start":{"line":17,"column":14},"end":{"line":17,"column":31}},"11":{"start":{"line":18,"column":4},"end":{"line":18,"column":43}},"12":{"start":{"line":18,"column":18},"end":{"line":18,"column":43}},"13":{"start":{"line":20,"column":4},"end":{"line":24,"column":5}},"14":{"start":{"line":22,"column":6},"end":{"line":22,"column":65}},"15":{"start":{"line":22,"column":21},"end":{"line":22,"column":65}},"16":{"start":{"line":23,"column":6},"end":{"line":23,"column":25}},"17":{"start":{"line":26,"column":4},"end":{"line":30,"column":5}},"18":{"start":{"line":28,"column":6},"end":{"line":28,"column":71}},"19":{"start":{"line":28,"column":24},"end":{"line":28,"column":71}},"20":{"start":{"line":29,"column":6},"end":{"line":29,"column":31}},"21":{"start":{"line":34,"column":0},"end":{"line":34,"column":23}}},"fnMap":{"0":{"name":"(anonymous_0)","decl":{"start":{"line":3,"column":2},"end":{"line":3,"column":3}},"loc":{"start":{"line":4,"column":2},"end":{"line":13,"column":3}},"line":4},"1":{"name":"(anonymous_1)","decl":{"start":{"line":15,"column":2},"end":{"line":15,"column":3}},"loc":{"start":{"line":16,"column":2},"end":{"line":31,"column":3}},"line":16}},"branchMap":{"0":{"loc":{"start":{"line":5,"column":4},"end":{"line":5,"column":69}},"type":"if","locations":[{"start":{"line":5,"column":4},"end":{"line":5,"column":69}},{"start":{},"end":{}}],"line":5},"1":{"loc":{"start":{"line":6,"column":4},"end":{"line":6,"column":63}},"type":"if","locations":[{"start":{"line":6,"column":4},"end":{"line":6,"column":63}},{"start":{},"end":{}}],"line":6},"2":{"loc":{"start":{"line":17,"column":4},"end":{"line":17,"column":31}},"type":"if","locations":[{"start":{"line":17,"column":4},"end":{"line":17,"column":31}},{"start":{},"end":{}}],"line":17},"3":{"loc":{"start":{"line":18,"column":4},"end":{"line":18,"column":43}},"type":"if","locations":[{"start":{"line":18,"column":4},"end":{"line":18,"column":43}},{"start":{},"end":{}}],"line":18},"4":{"loc":{"start":{"line":20,"column":4},"end":{"line":24,"column":5}},"type":"if","locations":[{"start":{"line":20,"column":4},"end":{"line":24,"column":5}},{"start":{},"end":{}}],"line":20},"5":{"loc":{"start":{"line":22,"column":6},"end":{"line":22,"column":65}},"type":"if","locations":[{"start":{"line":22,"column":6},"end":{"line":22,"column":65}},{"start":{},"end":{}}],"line":22},"6":{"loc":{"start":{"line":26,"column":4},"end":{"line":30,"column":5}},"type":"if","locations":[{"start":{"line":26,"column":4},"end":{"line":30,"column":5}},{"start":{},"end":{}}],"line":26},"7":{"loc":{"start":{"line":28,"column":6},"end":{"line":28,"column":71}},"type":"if","locations":[{"start":{"line":28,"column":6},"end":{"line":28,"column":71}},{"start":{},"end":{}}],"line":28}},"s":{"0":36,"1":1,"2":35,"3":1,"4":34,"5":34,"6":34,"7":34,"8":34,"9":1,"10":1,"11":1,"12":0,"13":1,"14":1,"15":0,"16":1,"17":1,"18":0,"19":0,"20":0,"21":2},"f":{"0":36,"1":1},"b":{"0":[1,35],"1":[1,34],"2":[1,0],"3":[0,1],"4":[1,0],"5":[0,1],"6":[0,1],"7":[0,0]},"_coverageSchema":"1a1c01bbd47fc00a2c39e90264f33305004495a9","hash":"bb475b5c97649032089a3399b09ce1fdbbab4029"}
}
