TN:
SF:src\exceptions\OutOfStockError.js
FN:2,(anonymous_0)
FNF:1
FNH:1
FNDA:1,(anonymous_0)
DA:3,1
DA:4,1
DA:8,1
LF:3
LH:3
BRF:0
BRH:0
end_of_record
TN:
SF:src\models\Inventory.js
FN:6,(anonymous_0)
FN:12,(anonymous_1)
FN:21,(anonymous_2)
FN:23,(anonymous_3)
FN:26,(anonymous_4)
FN:28,(anonymous_5)
FN:31,(anonymous_6)
FN:36,(anonymous_7)
FN:38,(anonymous_8)
FN:43,(anonymous_9)
FN:45,(anonymous_10)
FN:56,(anonymous_11)
FN:59,(anonymous_12)
FN:69,(anonymous_13)
FN:79,(anonymous_14)
FNF:15
FNH:15
FNDA:11,(anonymous_0)
FNDA:18,(anonymous_1)
FNDA:1,(anonymous_2)
FNDA:1,(anonymous_3)
FNDA:4,(anonymous_4)
FNDA:4,(anonymous_5)
FNDA:3,(anonymous_6)
FNDA:1,(anonymous_7)
FNDA:1,(anonymous_8)
FNDA:3,(anonymous_9)
FNDA:7,(anonymous_10)
FNDA:1,(anonymous_11)
FNDA:3,(anonymous_12)
FNDA:2,(anonymous_13)
FNDA:1,(anonymous_14)
DA:1,1
DA:2,1
DA:8,11
DA:9,11
DA:14,18
DA:16,18
DA:17,18
DA:18,18
DA:23,1
DA:28,4
DA:33,3
DA:38,1
DA:39,1
DA:40,1
DA:45,3
DA:47,7
DA:48,7
DA:49,7
DA:50,7
DA:52,7
DA:58,1
DA:59,1
DA:60,3
DA:61,3
DA:62,3
DA:64,3
DA:66,1
DA:71,2
DA:72,2
DA:73,2
DA:74,1
DA:76,1
DA:81,1
DA:82,1
DA:83,1
DA:87,1
LF:36
LH:36
BRDA:14,0,0,0
BRDA:14,0,1,18
BRDA:39,1,0,0
BRDA:39,1,1,1
BRDA:47,2,0,2
BRDA:47,2,1,5
BRDA:48,3,0,2
BRDA:48,3,1,5
BRDA:49,4,0,3
BRDA:49,4,1,4
BRDA:50,5,0,3
BRDA:50,5,1,4
BRDA:52,6,0,7
BRDA:52,6,1,6
BRDA:52,6,2,5
BRDA:52,6,3,4
BRDA:56,7,0,0
BRDA:56,8,0,0
BRDA:61,9,0,2
BRDA:61,9,1,1
BRDA:62,10,0,1
BRDA:62,10,1,2
BRDA:64,11,0,0
BRDA:64,11,1,3
BRDA:72,12,0,0
BRDA:72,12,1,2
BRDA:73,13,0,1
BRDA:73,13,1,1
BRDA:82,14,0,0
BRDA:82,14,1,1
BRF:30
BRH:23
end_of_record
TN:
SF:src\models\Sweet.js
FN:3,(anonymous_0)
FN:15,(anonymous_1)
FNF:2
FNH:2
FNDA:36,(anonymous_0)
FNDA:1,(anonymous_1)
DA:5,36
DA:6,35
DA:8,34
DA:9,34
DA:10,34
DA:11,34
DA:12,34
DA:17,1
DA:18,1
DA:20,1
DA:22,1
DA:23,1
DA:26,1
DA:28,0
DA:29,0
DA:34,2
LF:16
LH:14
BRDA:5,0,0,1
BRDA:5,0,1,35
BRDA:6,1,0,1
BRDA:6,1,1,34
BRDA:17,2,0,1
BRDA:17,2,1,0
BRDA:18,3,0,0
BRDA:18,3,1,1
BRDA:20,4,0,1
BRDA:20,4,1,0
BRDA:22,5,0,0
BRDA:22,5,1,1
BRDA:26,6,0,0
BRDA:26,6,1,1
BRDA:28,7,0,0
BRDA:28,7,1,0
BRF:16
BRH:9
end_of_record
